<?xml version="1.0" encoding="UTF-8"?>
<!-- Generated by org.testng.reporters.JUnitXMLReporter -->
<testsuite hostname="DESKTOP-JGUOOTD" ignored="0" name="TestFramework" tests="2" failures="2" timestamp="21 Apr 2019 15:40:42 GMT" time="13.345" errors="0">
  <testcase name="testMe" time="12.894" classname="testCases.Test001">
    <failure type="java.lang.AssertionError" message="expected [true] but found [false]">
      <![CDATA[java.lang.AssertionError: expected [true] but found [false]
at testCases.Test001.testMe(Test001.java:15)
... Removed 29 stack frames]]>
    </failure>
  </testcase> <!-- testMe -->
  <testcase name="testMe" time="12.924" classname="testCases.Test001">
    <failure type="java.lang.NullPointerException">
      <![CDATA[java.lang.NullPointerException
at xBrain.TestListener.onTestFailure(TestListener.java:50)
... Removed 22 stack frames]]>
    </failure>
  </testcase> <!-- testMe -->
</testsuite> <!-- TestFramework -->
