<?xml version="1.0" encoding="UTF-8"?>
<!-- Generated by org.testng.reporters.JUnitXMLReporter -->
<testsuite hostname="DESKTOP-JGUOOTD" ignored="0" name="TestFramework" tests="4" failures="1" timestamp="09 Jun 2019 08:59:44 GMT" time="35.962" errors="0">
  <testcase name="testMe" time="10.081" classname="testCases.Test001"/>
  <testcase name="testMe0" time="8.393" classname="testCases.Test001"/>
  <testcase name="testMe0" time="6.134" classname="testCases.Test001"/>
  <testcase name="testMe2" time="10.521" classname="testCases.Test001">
    <failure type="java.lang.RuntimeException">
      <![CDATA[java.lang.RuntimeException
at xBrain.SeleniumActions.locateWebElement(SeleniumActions.java:45)
at objectRepository.SearchresultsPage.<init>(SearchresultsPage.java:22)
at objectRepository.Homepage.clicktoSearch(Homepage.java:35)
at testCases.Test001.testMe2(Test001.java:37)
... Removed 25 stack frames]]>
    </failure>
  </testcase> <!-- testMe2 -->
</testsuite> <!-- TestFramework -->
