<?xml version="1.0" encoding="UTF-8"?>
<testng-results skipped="0" failed="0" ignored="0" total="1" passed="1">
  <reporter-output>
  </reporter-output>
  <suite name="tst" duration-ms="12739" started-at="2019-04-28T17:25:04Z" finished-at="2019-04-28T17:25:16Z">
    <groups>
    </groups>
    <test name="TestFramework" duration-ms="12739" started-at="2019-04-28T17:25:04Z" finished-at="2019-04-28T17:25:16Z">
      <class name="testCases.Test001">
        <test-method status="PASS" signature="testMe()[pri:0, instance:testCases.Test001@6a41eaa2]" name="testMe" duration-ms="12544" started-at="2019-04-28T17:25:04Z" finished-at="2019-04-28T17:25:16Z">
          <reporter-output>
          </reporter-output>
        </test-method> <!-- testMe -->
      </class> <!-- testCases.Test001 -->
    </test> <!-- TestFramework -->
  </suite> <!-- tst -->
</testng-results>
