<?xml version="1.0" encoding="UTF-8"?>
<testng-results skipped="0" failed="0" ignored="0" total="1" passed="1">
  <reporter-output>
  </reporter-output>
  <suite name="tst" duration-ms="203" started-at="2019-04-21T17:32:55Z" finished-at="2019-04-21T17:32:56Z">
    <groups>
    </groups>
    <test name="TestFramework" duration-ms="203" started-at="2019-04-21T17:32:55Z" finished-at="2019-04-21T17:32:56Z">
      <class name="testCases.Test001">
        <test-method status="PASS" signature="testMe()[pri:0, instance:testCases.Test001@5622fdf]" name="testMe" duration-ms="11" started-at="2019-04-21T17:32:56Z" finished-at="2019-04-21T17:32:56Z">
          <reporter-output>
          </reporter-output>
        </test-method> <!-- testMe -->
      </class> <!-- testCases.Test001 -->
    </test> <!-- TestFramework -->
  </suite> <!-- tst -->
</testng-results>
